
*** Running vivado
    with args -log top.vdi -applog -m64 -product Vivado -messageDb vivado.pb -mode batch -source top.tcl -notrace



****** Vivado v2024.1 (64-bit)
  **** SW Build 5076996 on Wed May 22 18:37:14 MDT 2024
  **** IP Build 5075265 on Wed May 22 21:45:21 MDT 2024
  **** SharedData Build 5076995 on Wed May 22 18:29:18 MDT 2024
  **** Start of session at: Sat Dec 14 21:09:35 2024
    ** Copyright 1986-2022 Xilinx, Inc. All Rights Reserved.
    ** Copyright 2022-2024 Advanced Micro Devices, Inc. All Rights Reserved.

INFO: [Common 17-1460] Use of init.tcl in C:/Users/Aditya Sharma/AppData/Roaming/Xilinx/Vivado/init.tcl is deprecated. Please use Vivado_init.tcl 
Sourcing tcl script 'C:/Users/Aditya Sharma/AppData/Roaming/Xilinx/Vivado/init.tcl'
source top.tcl -notrace
create_project: Time (s): cpu = 00:00:06 ; elapsed = 00:00:06 . Memory (MB): peak = 517.246 ; gain = 203.285
Command: link_design -top top -part xc7z020clg400-1
Design is defaulting to srcset: sources_1
Design is defaulting to constrset: constrs_1
INFO: [Device 21-403] Loading part xc7z020clg400-1
INFO: [Device 21-9227] Part: xc7z020clg400-1 does not have CEAM library.
INFO: [Project 1-454] Reading design checkpoint 'c:/Users/Aditya Sharma/Documents/Verilog/microprocessor/microprocessor.gen/sources_1/ip/blk_mem_gen_0_2/blk_mem_gen_0.dcp' for cell 'inst_mem'
INFO: [Project 1-454] Reading design checkpoint 'c:/Users/Aditya Sharma/Documents/Verilog/microprocessor/microprocessor.gen/sources_1/ip/vio_0_1/vio_0.dcp' for cell 'vio_top'
INFO: [Project 1-454] Reading design checkpoint 'c:/Users/Aditya Sharma/Documents/Verilog/microprocessor/microprocessor.gen/sources_1/ip/ila_0/ila_0.dcp' for cell 'your_instance_name'
Netlist sorting complete. Time (s): cpu = 00:00:00 ; elapsed = 00:00:00.031 . Memory (MB): peak = 1019.270 ; gain = 0.000
INFO: [Netlist 29-17] Analyzing 62 Unisim elements for replacement
INFO: [Netlist 29-28] Unisim Transformation completed in 0 CPU seconds
INFO: [Project 1-479] Netlist was created with Vivado 2024.1
INFO: [Project 1-570] Preparing netlist for logic optimization
INFO: [Chipscope 16-324] Core: vio_top UUID: e5425f3e-5e2f-5b08-8025-50c6ceb381dd 
INFO: [Chipscope 16-324] Core: your_instance_name UUID: c43761e0-c036-5039-8c69-07a263a83e64 
Parsing XDC File [c:/Users/Aditya Sharma/Documents/Verilog/microprocessor/microprocessor.gen/sources_1/ip/vio_0_1/vio_0.xdc] for cell 'vio_top'
Finished Parsing XDC File [c:/Users/Aditya Sharma/Documents/Verilog/microprocessor/microprocessor.gen/sources_1/ip/vio_0_1/vio_0.xdc] for cell 'vio_top'
Parsing XDC File [c:/Users/Aditya Sharma/Documents/Verilog/microprocessor/microprocessor.gen/sources_1/ip/ila_0/ila_v6_2/constraints/ila_impl.xdc] for cell 'your_instance_name/inst'
Finished Parsing XDC File [c:/Users/Aditya Sharma/Documents/Verilog/microprocessor/microprocessor.gen/sources_1/ip/ila_0/ila_v6_2/constraints/ila_impl.xdc] for cell 'your_instance_name/inst'
Parsing XDC File [c:/Users/Aditya Sharma/Documents/Verilog/microprocessor/microprocessor.gen/sources_1/ip/ila_0/ila_v6_2/constraints/ila.xdc] for cell 'your_instance_name/inst'
Finished Parsing XDC File [c:/Users/Aditya Sharma/Documents/Verilog/microprocessor/microprocessor.gen/sources_1/ip/ila_0/ila_v6_2/constraints/ila.xdc] for cell 'your_instance_name/inst'
Parsing XDC File [C:/Users/Aditya Sharma/Documents/Verilog/microprocessor/microprocessor.srcs/constrs_1/new/constraint_file.xdc]
Finished Parsing XDC File [C:/Users/Aditya Sharma/Documents/Verilog/microprocessor/microprocessor.srcs/constrs_1/new/constraint_file.xdc]
INFO: [Opt 31-138] Pushed 0 inverter(s) to 0 load pin(s).
INFO: [Project 1-1687] 2 scoped IP constraints or related sub-commands were skipped due to synthesis logic optimizations usually triggered by constant connectivity or unconnected output pins. To review the skipped constraints and messages, run the command 'set_param netlist.IPMsgFiltering false' before opening the design.
Netlist sorting complete. Time (s): cpu = 00:00:00 ; elapsed = 00:00:00.001 . Memory (MB): peak = 1169.090 ; gain = 0.000
INFO: [Project 1-111] Unisim Transformation Summary:
  A total of 40 instances were transformed.
  CFGLUT5 => CFGLUT5 (SRL16E, SRLC32E): 40 instances

14 Infos, 0 Warnings, 0 Critical Warnings and 0 Errors encountered.
link_design completed successfully
link_design: Time (s): cpu = 00:00:06 ; elapsed = 00:00:07 . Memory (MB): peak = 1169.090 ; gain = 613.621
Command: opt_design
Attempting to get a license for feature 'Implementation' and/or device 'xc7z020'
INFO: [Common 17-349] Got license for feature 'Implementation' and/or device 'xc7z020'
Running DRC as a precondition to command opt_design

Starting DRC Task
INFO: [DRC 23-27] Running DRC with 2 threads
INFO: [Project 1-461] DRC finished with 0 Errors
INFO: [Project 1-462] Please refer to the DRC report (report_drc) for more information.

Time (s): cpu = 00:00:01 ; elapsed = 00:00:00.780 . Memory (MB): peak = 1197.777 ; gain = 28.688

Starting Cache Timing Information Task
INFO: [Timing 38-35] Done setting XDC timing constraints.
Ending Cache Timing Information Task | Checksum: 14e457ef4

Time (s): cpu = 00:00:05 ; elapsed = 00:00:05 . Memory (MB): peak = 1747.898 ; gain = 550.121

Starting Logic Optimization Task

Phase 1 Initialization

Phase 1.1 Core Generation And Design Setup

Phase 1.1.1 Generate And Synthesize Debug Cores
INFO: [Chipscope 16-329] Generating Script for core instance : dbg_hub 
INFO: [IP_Flow 19-3806] Processing IP xilinx.com:ip:xsdbm:3.0 for cell dbg_hub_CV.
Done building netlist checker database: Time (s): cpu = 00:00:00 ; elapsed = 00:00:00.001 . Memory (MB): peak = 2167.434 ; gain = 0.000
Netlist sorting complete. Time (s): cpu = 00:00:00 ; elapsed = 00:00:00.022 . Memory (MB): peak = 2167.434 ; gain = 0.000
Phase 1.1.1 Generate And Synthesize Debug Cores | Checksum: 1b877d4ec

Time (s): cpu = 00:00:01 ; elapsed = 00:01:18 . Memory (MB): peak = 2167.434 ; gain = 22.137
Phase 1.1 Core Generation And Design Setup | Checksum: 1b877d4ec

Time (s): cpu = 00:00:01 ; elapsed = 00:01:18 . Memory (MB): peak = 2167.434 ; gain = 22.137

Phase 1.2 Setup Constraints And Sort Netlist
Phase 1.2 Setup Constraints And Sort Netlist | Checksum: 1b877d4ec

Time (s): cpu = 00:00:01 ; elapsed = 00:01:18 . Memory (MB): peak = 2167.434 ; gain = 22.137
Phase 1 Initialization | Checksum: 1b877d4ec

Time (s): cpu = 00:00:01 ; elapsed = 00:01:18 . Memory (MB): peak = 2167.434 ; gain = 22.137

Phase 2 Timer Update And Timing Data Collection

Phase 2.1 Timer Update
Phase 2.1 Timer Update | Checksum: 1b877d4ec

Time (s): cpu = 00:00:01 ; elapsed = 00:01:18 . Memory (MB): peak = 2167.434 ; gain = 22.137

Phase 2.2 Timing Data Collection
Phase 2.2 Timing Data Collection | Checksum: 1b877d4ec

Time (s): cpu = 00:00:01 ; elapsed = 00:01:18 . Memory (MB): peak = 2167.434 ; gain = 22.137
Phase 2 Timer Update And Timing Data Collection | Checksum: 1b877d4ec

Time (s): cpu = 00:00:01 ; elapsed = 00:01:18 . Memory (MB): peak = 2167.434 ; gain = 22.137

Phase 3 Retarget
INFO: [Opt 31-1834] Total Chains To Be Transformed Were: 0 AND Number of Transformed insts Created are: 0
INFO: [Opt 31-1566] Pulled 1 inverters resulting in an inversion of 13 pins
INFO: [Opt 31-138] Pushed 1 inverter(s) to 1 load pin(s).
INFO: [Opt 31-49] Retargeted 0 cell(s).
Phase 3 Retarget | Checksum: da2ac42b

Time (s): cpu = 00:00:01 ; elapsed = 00:01:18 . Memory (MB): peak = 2167.434 ; gain = 22.137
Retarget | Checksum: da2ac42b
INFO: [Opt 31-389] Phase Retarget created 5 cells and removed 13 cells
INFO: [Opt 31-1021] In phase Retarget, 99 netlist objects are constrained preventing optimization. Please run opt_design with -debug_log to get more detail. 

Phase 4 Constant propagation
INFO: [Opt 31-138] Pushed 0 inverter(s) to 0 load pin(s).
Phase 4 Constant propagation | Checksum: ca4cc7ea

Time (s): cpu = 00:00:01 ; elapsed = 00:01:18 . Memory (MB): peak = 2167.434 ; gain = 22.137
Constant propagation | Checksum: ca4cc7ea
INFO: [Opt 31-389] Phase Constant propagation created 0 cells and removed 16 cells
INFO: [Opt 31-1021] In phase Constant propagation, 66 netlist objects are constrained preventing optimization. Please run opt_design with -debug_log to get more detail. 

Phase 5 Sweep
Phase 5 Sweep | Checksum: bba03e39

Time (s): cpu = 00:00:01 ; elapsed = 00:01:18 . Memory (MB): peak = 2167.434 ; gain = 22.137
Sweep | Checksum: bba03e39
INFO: [Opt 31-389] Phase Sweep created 0 cells and removed 74 cells
INFO: [Opt 31-1021] In phase Sweep, 1245 netlist objects are constrained preventing optimization. Please run opt_design with -debug_log to get more detail. 

Phase 6 BUFG optimization
Phase 6 BUFG optimization | Checksum: bba03e39

Time (s): cpu = 00:00:01 ; elapsed = 00:01:18 . Memory (MB): peak = 2167.434 ; gain = 22.137
BUFG optimization | Checksum: bba03e39
INFO: [Opt 31-662] Phase BUFG optimization created 0 cells of which 0 are BUFGs and removed 0 cells.

Phase 7 Shift Register Optimization
INFO: [Opt 31-1064] SRL Remap converted 0 SRLs to 0 registers and converted 0 registers of register chains to 0 SRLs
Phase 7 Shift Register Optimization | Checksum: bba03e39

Time (s): cpu = 00:00:01 ; elapsed = 00:01:18 . Memory (MB): peak = 2167.434 ; gain = 22.137
Shift Register Optimization | Checksum: bba03e39
INFO: [Opt 31-389] Phase Shift Register Optimization created 0 cells and removed 0 cells

Phase 8 Post Processing Netlist
Phase 8 Post Processing Netlist | Checksum: bba03e39

Time (s): cpu = 00:00:01 ; elapsed = 00:01:18 . Memory (MB): peak = 2167.434 ; gain = 22.137
Post Processing Netlist | Checksum: bba03e39
INFO: [Opt 31-389] Phase Post Processing Netlist created 0 cells and removed 0 cells
INFO: [Opt 31-1021] In phase Post Processing Netlist, 66 netlist objects are constrained preventing optimization. Please run opt_design with -debug_log to get more detail. 

Phase 9 Finalization

Phase 9.1 Finalizing Design Cores and Updating Shapes
Phase 9.1 Finalizing Design Cores and Updating Shapes | Checksum: 1829986f1

Time (s): cpu = 00:00:01 ; elapsed = 00:01:18 . Memory (MB): peak = 2167.434 ; gain = 22.137

Phase 9.2 Verifying Netlist Connectivity

Starting Connectivity Check Task

Time (s): cpu = 00:00:00 ; elapsed = 00:00:00.004 . Memory (MB): peak = 2167.434 ; gain = 0.000
Phase 9.2 Verifying Netlist Connectivity | Checksum: 1829986f1

Time (s): cpu = 00:00:01 ; elapsed = 00:01:18 . Memory (MB): peak = 2167.434 ; gain = 22.137
Phase 9 Finalization | Checksum: 1829986f1

Time (s): cpu = 00:00:01 ; elapsed = 00:01:18 . Memory (MB): peak = 2167.434 ; gain = 22.137
Opt_design Change Summary
=========================


-------------------------------------------------------------------------------------------------------------------------
|  Phase                        |  #Cells created  |  #Cells Removed  |  #Constrained objects preventing optimizations  |
-------------------------------------------------------------------------------------------------------------------------
|  Retarget                     |               5  |              13  |                                             99  |
|  Constant propagation         |               0  |              16  |                                             66  |
|  Sweep                        |               0  |              74  |                                           1245  |
|  BUFG optimization            |               0  |               0  |                                              0  |
|  Shift Register Optimization  |               0  |               0  |                                              0  |
|  Post Processing Netlist      |               0  |               0  |                                             66  |
-------------------------------------------------------------------------------------------------------------------------


Ending Logic Optimization Task | Checksum: 1829986f1

Time (s): cpu = 00:00:01 ; elapsed = 00:01:18 . Memory (MB): peak = 2167.434 ; gain = 22.137

Starting Power Optimization Task
INFO: [Pwropt 34-132] Skipping clock gating for clocks with a period < 2.00 ns.
INFO: [Pwropt 34-9] Applying IDT optimizations ...
INFO: [Pwropt 34-10] Applying ODC optimizations ...
INFO: [Timing 38-35] Done setting XDC timing constraints.
Running Vector-less Activity Propagation...

Finished Running Vector-less Activity Propagation


Starting PowerOpt Patch Enables Task
INFO: [Pwropt 34-162] WRITE_MODE attribute of 0 BRAM(s) out of a total of 1 has been updated to save power. Run report_power_opt to get a complete listing of the BRAMs updated.
INFO: [Pwropt 34-201] Structural ODC has moved 0 WE to EN ports
Number of BRAM Ports augmented: 1 newly gated: 0 Total Ports: 2
Ending PowerOpt Patch Enables Task | Checksum: 11c8d1f1b

Time (s): cpu = 00:00:00 ; elapsed = 00:00:00.017 . Memory (MB): peak = 2234.312 ; gain = 0.000
Ending Power Optimization Task | Checksum: 11c8d1f1b

Time (s): cpu = 00:00:01 ; elapsed = 00:00:00.798 . Memory (MB): peak = 2234.312 ; gain = 66.879

Starting Final Cleanup Task
Ending Final Cleanup Task | Checksum: 11c8d1f1b

Time (s): cpu = 00:00:00 ; elapsed = 00:00:00 . Memory (MB): peak = 2234.312 ; gain = 0.000

Starting Netlist Obfuscation Task
Netlist sorting complete. Time (s): cpu = 00:00:00 ; elapsed = 00:00:00.001 . Memory (MB): peak = 2234.312 ; gain = 0.000
Ending Netlist Obfuscation Task | Checksum: 1317eff00

Time (s): cpu = 00:00:00 ; elapsed = 00:00:00.002 . Memory (MB): peak = 2234.312 ; gain = 0.000
INFO: [Common 17-83] Releasing license: Implementation
48 Infos, 0 Warnings, 0 Critical Warnings and 0 Errors encountered.
opt_design completed successfully
opt_design: Time (s): cpu = 00:00:10 ; elapsed = 00:01:27 . Memory (MB): peak = 2234.312 ; gain = 1065.223
INFO: [Vivado 12-24828] Executing command : report_drc -file top_drc_opted.rpt -pb top_drc_opted.pb -rpx top_drc_opted.rpx
Command: report_drc -file top_drc_opted.rpt -pb top_drc_opted.pb -rpx top_drc_opted.rpx
INFO: [IP_Flow 19-1839] IP Catalog is up to date.
INFO: [DRC 23-27] Running DRC with 2 threads
INFO: [Vivado_Tcl 2-168] The results of DRC are in file C:/Users/Aditya Sharma/Documents/Verilog/microprocessor/microprocessor.runs/impl_1/top_drc_opted.rpt.
report_drc completed successfully
INFO: [Timing 38-35] Done setting XDC timing constraints.
INFO: [Timing 38-480] Writing timing data to binary archive.
Write ShapeDB Complete: Time (s): cpu = 00:00:01 ; elapsed = 00:00:00.005 . Memory (MB): peak = 2234.312 ; gain = 0.000
Wrote PlaceDB: Time (s): cpu = 00:00:00 ; elapsed = 00:00:00.002 . Memory (MB): peak = 2234.312 ; gain = 0.000
Wrote PulsedLatchDB: Time (s): cpu = 00:00:00 ; elapsed = 00:00:00 . Memory (MB): peak = 2234.312 ; gain = 0.000
Writing XDEF routing.
Writing XDEF routing logical nets.
Writing XDEF routing special nets.
Wrote RouteStorage: Time (s): cpu = 00:00:00 ; elapsed = 00:00:00.062 . Memory (MB): peak = 2234.312 ; gain = 0.000
Wrote Netlist Cache: Time (s): cpu = 00:00:00 ; elapsed = 00:00:00.001 . Memory (MB): peak = 2234.312 ; gain = 0.000
Wrote Device Cache: Time (s): cpu = 00:00:00 ; elapsed = 00:00:00.010 . Memory (MB): peak = 2234.312 ; gain = 0.000
Write Physdb Complete: Time (s): cpu = 00:00:00 ; elapsed = 00:00:00.081 . Memory (MB): peak = 2234.312 ; gain = 0.000
INFO: [Common 17-1381] The checkpoint 'C:/Users/Aditya Sharma/Documents/Verilog/microprocessor/microprocessor.runs/impl_1/top_opt.dcp' has been generated.
INFO: [Chipscope 16-240] Debug cores have already been implemented
Command: place_design
Attempting to get a license for feature 'Implementation' and/or device 'xc7z020'
INFO: [Common 17-349] Got license for feature 'Implementation' and/or device 'xc7z020'
INFO: [Common 17-83] Releasing license: Implementation
INFO: [DRC 23-27] Running DRC with 2 threads
INFO: [Vivado_Tcl 4-198] DRC finished with 0 Errors
INFO: [Vivado_Tcl 4-199] Please refer to the DRC report (report_drc) for more information.
Running DRC as a precondition to command place_design
INFO: [DRC 23-27] Running DRC with 2 threads
INFO: [Vivado_Tcl 4-198] DRC finished with 0 Errors
INFO: [Vivado_Tcl 4-199] Please refer to the DRC report (report_drc) for more information.
INFO: [Place 30-611] Multithreading enabled for place_design using a maximum of 2 CPUs

Starting Placer Task

Phase 1 Placer Initialization

Phase 1.1 Placer Initialization Netlist Sorting
Netlist sorting complete. Time (s): cpu = 00:00:00 ; elapsed = 00:00:00.001 . Memory (MB): peak = 2234.312 ; gain = 0.000
Phase 1.1 Placer Initialization Netlist Sorting | Checksum: 93554525

Time (s): cpu = 00:00:00 ; elapsed = 00:00:00.007 . Memory (MB): peak = 2234.312 ; gain = 0.000
Netlist sorting complete. Time (s): cpu = 00:00:00 ; elapsed = 00:00:00.001 . Memory (MB): peak = 2234.312 ; gain = 0.000

Phase 1.2 IO Placement/ Clock Placement/ Build Placer Device
Phase 1.2 IO Placement/ Clock Placement/ Build Placer Device | Checksum: 9b4b612b

Time (s): cpu = 00:00:00 ; elapsed = 00:00:00.342 . Memory (MB): peak = 2234.312 ; gain = 0.000

Phase 1.3 Build Placer Netlist Model
Phase 1.3 Build Placer Netlist Model | Checksum: 1026b92a3

Time (s): cpu = 00:00:01 ; elapsed = 00:00:00.873 . Memory (MB): peak = 2234.312 ; gain = 0.000

Phase 1.4 Constrain Clocks/Macros
Phase 1.4 Constrain Clocks/Macros | Checksum: 1026b92a3

Time (s): cpu = 00:00:01 ; elapsed = 00:00:00.880 . Memory (MB): peak = 2234.312 ; gain = 0.000
Phase 1 Placer Initialization | Checksum: 1026b92a3

Time (s): cpu = 00:00:01 ; elapsed = 00:00:00.893 . Memory (MB): peak = 2234.312 ; gain = 0.000

Phase 2 Global Placement

Phase 2.1 Floorplanning
Phase 2.1 Floorplanning | Checksum: e850168a

Time (s): cpu = 00:00:01 ; elapsed = 00:00:01 . Memory (MB): peak = 2234.312 ; gain = 0.000

Phase 2.2 Update Timing before SLR Path Opt
Phase 2.2 Update Timing before SLR Path Opt | Checksum: 1628b805b

Time (s): cpu = 00:00:01 ; elapsed = 00:00:01 . Memory (MB): peak = 2234.312 ; gain = 0.000

Phase 2.3 Post-Processing in Floorplanning
Phase 2.3 Post-Processing in Floorplanning | Checksum: 1628b805b

Time (s): cpu = 00:00:01 ; elapsed = 00:00:01 . Memory (MB): peak = 2234.312 ; gain = 0.000

Phase 2.4 Global Placement Core

Phase 2.4.1 UpdateTiming Before Physical Synthesis
Phase 2.4.1 UpdateTiming Before Physical Synthesis | Checksum: 170b85ae6

Time (s): cpu = 00:00:02 ; elapsed = 00:00:03 . Memory (MB): peak = 2234.312 ; gain = 0.000

Phase 2.4.2 Physical Synthesis In Placer
INFO: [Physopt 32-1035] Found 0 LUTNM shape to break, 122 LUT instances to create LUTNM shape
INFO: [Physopt 32-1044] Break lutnm for timing: one critical 0, two critical 0, total 0, new lutff created 0
INFO: [Physopt 32-1138] End 1 Pass. Optimized 55 nets or LUTs. Breaked 0 LUT, combined 55 existing LUTs and moved 0 existing LUT
INFO: [Physopt 32-65] No nets found for high-fanout optimization.
INFO: [Physopt 32-232] Optimized 0 net. Created 0 new instance.
INFO: [Physopt 32-775] End 1 Pass. Optimized 0 net or cell. Created 0 new cell, deleted 0 existing cell and moved 0 existing cell
INFO: [Physopt 32-670] No setup violation found.  DSP Register Optimization was not performed.
INFO: [Physopt 32-670] No setup violation found.  Shift Register to Pipeline Optimization was not performed.
INFO: [Physopt 32-670] No setup violation found.  Shift Register Optimization was not performed.
INFO: [Physopt 32-670] No setup violation found.  BRAM Register Optimization was not performed.
INFO: [Physopt 32-670] No setup violation found.  URAM Register Optimization was not performed.
INFO: [Physopt 32-949] No candidate nets found for dynamic/static region interface net replication
INFO: [Physopt 32-775] End 1 Pass. Optimized 0 net or cell. Created 0 new cell, deleted 0 existing cell and moved 0 existing cell
Netlist sorting complete. Time (s): cpu = 00:00:00 ; elapsed = 00:00:00.002 . Memory (MB): peak = 2234.312 ; gain = 0.000

Summary of Physical Synthesis Optimizations
============================================


-----------------------------------------------------------------------------------------------------------------------------------------------------------
|  Optimization                                     |  Added Cells  |  Removed Cells  |  Optimized Cells/Nets  |  Dont Touch  |  Iterations  |  Elapsed   |
-----------------------------------------------------------------------------------------------------------------------------------------------------------
|  LUT Combining                                    |            0  |             55  |                    55  |           0  |           1  |  00:00:00  |
|  Retime                                           |            0  |              0  |                     0  |           0  |           1  |  00:00:00  |
|  Very High Fanout                                 |            0  |              0  |                     0  |           0  |           1  |  00:00:00  |
|  DSP Register                                     |            0  |              0  |                     0  |           0  |           0  |  00:00:00  |
|  Shift Register to Pipeline                       |            0  |              0  |                     0  |           0  |           0  |  00:00:00  |
|  Shift Register                                   |            0  |              0  |                     0  |           0  |           0  |  00:00:00  |
|  BRAM Register                                    |            0  |              0  |                     0  |           0  |           0  |  00:00:00  |
|  URAM Register                                    |            0  |              0  |                     0  |           0  |           0  |  00:00:00  |
|  Dynamic/Static Region Interface Net Replication  |            0  |              0  |                     0  |           0  |           1  |  00:00:00  |
|  Total                                            |            0  |             55  |                    55  |           0  |           4  |  00:00:00  |
-----------------------------------------------------------------------------------------------------------------------------------------------------------


Phase 2.4.2 Physical Synthesis In Placer | Checksum: 1fdb53a3f

Time (s): cpu = 00:00:02 ; elapsed = 00:00:03 . Memory (MB): peak = 2234.312 ; gain = 0.000
Phase 2.4 Global Placement Core | Checksum: 1b5a00c76

Time (s): cpu = 00:00:02 ; elapsed = 00:00:03 . Memory (MB): peak = 2234.312 ; gain = 0.000
Phase 2 Global Placement | Checksum: 1b5a00c76

Time (s): cpu = 00:00:02 ; elapsed = 00:00:03 . Memory (MB): peak = 2234.312 ; gain = 0.000

Phase 3 Detail Placement

Phase 3.1 Commit Multi Column Macros
Phase 3.1 Commit Multi Column Macros | Checksum: 1630c09b7

Time (s): cpu = 00:00:02 ; elapsed = 00:00:03 . Memory (MB): peak = 2234.312 ; gain = 0.000

Phase 3.2 Commit Most Macros & LUTRAMs
Phase 3.2 Commit Most Macros & LUTRAMs | Checksum: 156a1895c

Time (s): cpu = 00:00:03 ; elapsed = 00:00:04 . Memory (MB): peak = 2234.312 ; gain = 0.000

Phase 3.3 Area Swap Optimization
Phase 3.3 Area Swap Optimization | Checksum: bfdf54cd

Time (s): cpu = 00:00:03 ; elapsed = 00:00:04 . Memory (MB): peak = 2234.312 ; gain = 0.000

Phase 3.4 Pipeline Register Optimization
Phase 3.4 Pipeline Register Optimization | Checksum: 109a88d5f

Time (s): cpu = 00:00:03 ; elapsed = 00:00:04 . Memory (MB): peak = 2234.312 ; gain = 0.000

Phase 3.5 Small Shape Detail Placement
Phase 3.5 Small Shape Detail Placement | Checksum: 1da88e1ff

Time (s): cpu = 00:00:03 ; elapsed = 00:00:05 . Memory (MB): peak = 2234.312 ; gain = 0.000

Phase 3.6 Re-assign LUT pins
Phase 3.6 Re-assign LUT pins | Checksum: 244fa5905

Time (s): cpu = 00:00:03 ; elapsed = 00:00:05 . Memory (MB): peak = 2234.312 ; gain = 0.000

Phase 3.7 Pipeline Register Optimization
Phase 3.7 Pipeline Register Optimization | Checksum: 1769677d9

Time (s): cpu = 00:00:03 ; elapsed = 00:00:05 . Memory (MB): peak = 2234.312 ; gain = 0.000
Phase 3 Detail Placement | Checksum: 1769677d9

Time (s): cpu = 00:00:03 ; elapsed = 00:00:05 . Memory (MB): peak = 2234.312 ; gain = 0.000

Phase 4 Post Placement Optimization and Clean-Up

Phase 4.1 Post Commit Optimization
INFO: [Timing 38-35] Done setting XDC timing constraints.

Phase 4.1.1 Post Placement Optimization
Post Placement Optimization Initialization | Checksum: 18eb414cb

Phase 4.1.1.1 BUFG Insertion

Starting Physical Synthesis Task

Phase 1 Physical Synthesis Initialization
INFO: [Physopt 32-721] Multithreading enabled for phys_opt_design using a maximum of 2 CPUs
INFO: [Physopt 32-619] Estimated Timing Summary | WNS=1.941 | TNS=0.000 |
Phase 1 Physical Synthesis Initialization | Checksum: 128cf5bcc

Time (s): cpu = 00:00:00 ; elapsed = 00:00:00.126 . Memory (MB): peak = 2234.312 ; gain = 0.000
INFO: [Place 46-56] BUFG insertion identified 0 candidate nets. Inserted BUFG: 0, Replicated BUFG Driver: 0, Skipped due to Placement/Routing Conflicts: 0, Skipped due to Timing Degradation: 0, Skipped due to netlist editing failed: 0.
Ending Physical Synthesis Task | Checksum: 1c47ade8e

Time (s): cpu = 00:00:00 ; elapsed = 00:00:00.144 . Memory (MB): peak = 2234.312 ; gain = 0.000
Phase 4.1.1.1 BUFG Insertion | Checksum: 18eb414cb

Time (s): cpu = 00:00:04 ; elapsed = 00:00:05 . Memory (MB): peak = 2234.312 ; gain = 0.000

Phase 4.1.1.2 Post Placement Timing Optimization
INFO: [Place 30-746] Post Placement Timing Summary WNS=1.941. For the most accurate timing information please run report_timing.
Phase 4.1.1.2 Post Placement Timing Optimization | Checksum: 198704c15

Time (s): cpu = 00:00:04 ; elapsed = 00:00:05 . Memory (MB): peak = 2234.312 ; gain = 0.000

Time (s): cpu = 00:00:04 ; elapsed = 00:00:05 . Memory (MB): peak = 2234.312 ; gain = 0.000
Phase 4.1 Post Commit Optimization | Checksum: 198704c15

Time (s): cpu = 00:00:04 ; elapsed = 00:00:05 . Memory (MB): peak = 2234.312 ; gain = 0.000

Phase 4.2 Post Placement Cleanup
Phase 4.2 Post Placement Cleanup | Checksum: 198704c15

Time (s): cpu = 00:00:04 ; elapsed = 00:00:05 . Memory (MB): peak = 2234.312 ; gain = 0.000

Phase 4.3 Placer Reporting

Phase 4.3.1 Print Estimated Congestion
INFO: [Place 30-612] Post-Placement Estimated Congestion 
 ____________________________________________________
|           | Global Congestion | Short Congestion  |
| Direction | Region Size       | Region Size       |
|___________|___________________|___________________|
|      North|                1x1|                1x1|
|___________|___________________|___________________|
|      South|                1x1|                1x1|
|___________|___________________|___________________|
|       East|                1x1|                1x1|
|___________|___________________|___________________|
|       West|                1x1|                1x1|
|___________|___________________|___________________|

Phase 4.3.1 Print Estimated Congestion | Checksum: 198704c15

Time (s): cpu = 00:00:04 ; elapsed = 00:00:05 . Memory (MB): peak = 2234.312 ; gain = 0.000
Phase 4.3 Placer Reporting | Checksum: 198704c15

Time (s): cpu = 00:00:04 ; elapsed = 00:00:05 . Memory (MB): peak = 2234.312 ; gain = 0.000

Phase 4.4 Final Placement Cleanup
Netlist sorting complete. Time (s): cpu = 00:00:00 ; elapsed = 00:00:00.001 . Memory (MB): peak = 2234.312 ; gain = 0.000

Time (s): cpu = 00:00:04 ; elapsed = 00:00:06 . Memory (MB): peak = 2234.312 ; gain = 0.000
Phase 4 Post Placement Optimization and Clean-Up | Checksum: 1f18065e1

Time (s): cpu = 00:00:04 ; elapsed = 00:00:06 . Memory (MB): peak = 2234.312 ; gain = 0.000
Ending Placer Task | Checksum: 17f613e7f

Time (s): cpu = 00:00:04 ; elapsed = 00:00:06 . Memory (MB): peak = 2234.312 ; gain = 0.000
84 Infos, 0 Warnings, 0 Critical Warnings and 0 Errors encountered.
place_design completed successfully
place_design: Time (s): cpu = 00:00:06 ; elapsed = 00:00:07 . Memory (MB): peak = 2234.312 ; gain = 0.000
INFO: [Vivado 12-24838] Running report commands "report_control_sets, report_io, report_utilization" in parallel.
Running report generation with 2 threads.
INFO: [Vivado 12-24828] Executing command : report_utilization -file top_utilization_placed.rpt -pb top_utilization_placed.pb
INFO: [Vivado 12-24828] Executing command : report_io -file top_io_placed.rpt
report_io: Time (s): cpu = 00:00:00 ; elapsed = 00:00:00.052 . Memory (MB): peak = 2234.312 ; gain = 0.000
INFO: [Vivado 12-24828] Executing command : report_control_sets -verbose -file top_control_sets_placed.rpt
report_control_sets: Time (s): cpu = 00:00:00 ; elapsed = 00:00:00.014 . Memory (MB): peak = 2234.312 ; gain = 0.000
INFO: [Timing 38-480] Writing timing data to binary archive.
Write ShapeDB Complete: Time (s): cpu = 00:00:00 ; elapsed = 00:00:00.008 . Memory (MB): peak = 2234.312 ; gain = 0.000
Wrote PlaceDB: Time (s): cpu = 00:00:01 ; elapsed = 00:00:00.180 . Memory (MB): peak = 2234.312 ; gain = 0.000
Wrote PulsedLatchDB: Time (s): cpu = 00:00:00 ; elapsed = 00:00:00 . Memory (MB): peak = 2234.312 ; gain = 0.000
Writing XDEF routing.
Writing XDEF routing logical nets.
Writing XDEF routing special nets.
Wrote RouteStorage: Time (s): cpu = 00:00:00 ; elapsed = 00:00:00.029 . Memory (MB): peak = 2234.312 ; gain = 0.000
Wrote Netlist Cache: Time (s): cpu = 00:00:00 ; elapsed = 00:00:00.004 . Memory (MB): peak = 2234.312 ; gain = 0.000
Wrote Device Cache: Time (s): cpu = 00:00:00 ; elapsed = 00:00:00.014 . Memory (MB): peak = 2234.312 ; gain = 0.000
Write Physdb Complete: Time (s): cpu = 00:00:01 ; elapsed = 00:00:00.236 . Memory (MB): peak = 2234.312 ; gain = 0.000
INFO: [Common 17-1381] The checkpoint 'C:/Users/Aditya Sharma/Documents/Verilog/microprocessor/microprocessor.runs/impl_1/top_placed.dcp' has been generated.
Command: phys_opt_design
Attempting to get a license for feature 'Implementation' and/or device 'xc7z020'
INFO: [Common 17-349] Got license for feature 'Implementation' and/or device 'xc7z020'

Starting Initial Update Timing Task

Time (s): cpu = 00:00:00 ; elapsed = 00:00:00.316 . Memory (MB): peak = 2234.312 ; gain = 0.000
INFO: [Vivado_Tcl 4-2279] Estimated Timing Summary | WNS= 1.941 | TNS= 0.000 | 
INFO: [Vivado_Tcl 4-383] Design worst setup slack (WNS) is greater than or equal to 0.000 ns. All physical synthesis setup optimizations will be skipped.
INFO: [Vivado_Tcl 4-232] No setup violation found. The netlist was not modified.
INFO: [Common 17-83] Releasing license: Implementation
95 Infos, 0 Warnings, 0 Critical Warnings and 0 Errors encountered.
phys_opt_design completed successfully
INFO: [Timing 38-480] Writing timing data to binary archive.
Write ShapeDB Complete: Time (s): cpu = 00:00:00 ; elapsed = 00:00:00.008 . Memory (MB): peak = 2234.312 ; gain = 0.000
Wrote PlaceDB: Time (s): cpu = 00:00:01 ; elapsed = 00:00:00.180 . Memory (MB): peak = 2234.312 ; gain = 0.000
Wrote PulsedLatchDB: Time (s): cpu = 00:00:00 ; elapsed = 00:00:00 . Memory (MB): peak = 2234.312 ; gain = 0.000
Writing XDEF routing.
Writing XDEF routing logical nets.
Writing XDEF routing special nets.
Wrote RouteStorage: Time (s): cpu = 00:00:00 ; elapsed = 00:00:00.029 . Memory (MB): peak = 2234.312 ; gain = 0.000
Wrote Netlist Cache: Time (s): cpu = 00:00:00 ; elapsed = 00:00:00.005 . Memory (MB): peak = 2234.312 ; gain = 0.000
Wrote Device Cache: Time (s): cpu = 00:00:00 ; elapsed = 00:00:00.010 . Memory (MB): peak = 2234.312 ; gain = 0.000
Write Physdb Complete: Time (s): cpu = 00:00:01 ; elapsed = 00:00:00.232 . Memory (MB): peak = 2234.312 ; gain = 0.000
INFO: [Common 17-1381] The checkpoint 'C:/Users/Aditya Sharma/Documents/Verilog/microprocessor/microprocessor.runs/impl_1/top_physopt.dcp' has been generated.
Command: route_design
Attempting to get a license for feature 'Implementation' and/or device 'xc7z020'
INFO: [Common 17-349] Got license for feature 'Implementation' and/or device 'xc7z020'
Running DRC as a precondition to command route_design
INFO: [DRC 23-27] Running DRC with 2 threads
INFO: [Vivado_Tcl 4-198] DRC finished with 0 Errors
INFO: [Vivado_Tcl 4-199] Please refer to the DRC report (report_drc) for more information.


Starting Routing Task
INFO: [Route 35-254] Multithreading enabled for route_design using a maximum of 8 CPUs

Phase 1 Build RT Design
Checksum: PlaceDB: ee14ffea ConstDB: 0 ShapeSum: 7b52cba5 RouteDB: 15f972f0
Post Restoration Checksum: NetGraph: b3af2595 | NumContArr: 23c6907 | Constraints: c2a8fa9d | Timing: c2a8fa9d
Phase 1 Build RT Design | Checksum: 23b3d83d6

Time (s): cpu = 00:00:21 ; elapsed = 00:00:19 . Memory (MB): peak = 2310.871 ; gain = 76.559

Phase 2 Router Initialization

Phase 2.1 Fix Topology Constraints
Phase 2.1 Fix Topology Constraints | Checksum: 23b3d83d6

Time (s): cpu = 00:00:21 ; elapsed = 00:00:19 . Memory (MB): peak = 2310.871 ; gain = 76.559

Phase 2.2 Pre Route Cleanup
Phase 2.2 Pre Route Cleanup | Checksum: 23b3d83d6

Time (s): cpu = 00:00:22 ; elapsed = 00:00:19 . Memory (MB): peak = 2310.871 ; gain = 76.559
 Number of Nodes with overlaps = 0

Phase 2.3 Update Timing
Phase 2.3 Update Timing | Checksum: 25daeefbe

Time (s): cpu = 00:00:22 ; elapsed = 00:00:20 . Memory (MB): peak = 2379.535 ; gain = 145.223
INFO: [Route 35-416] Intermediate Timing Summary | WNS=2.002  | TNS=0.000  | WHS=-0.149 | THS=-83.691|


Phase 2.4 Update Timing for Bus Skew

Phase 2.4.1 Update Timing
Phase 2.4.1 Update Timing | Checksum: 259436d01

Time (s): cpu = 00:00:22 ; elapsed = 00:00:20 . Memory (MB): peak = 2379.535 ; gain = 145.223
INFO: [Route 35-416] Intermediate Timing Summary | WNS=2.002  | TNS=0.000  | WHS=0.103  | THS=0.000  |

Phase 2.4 Update Timing for Bus Skew | Checksum: 1da3a556d

Time (s): cpu = 00:00:22 ; elapsed = 00:00:20 . Memory (MB): peak = 2379.535 ; gain = 145.223

Router Utilization Summary
  Global Vertical Routing Utilization    = 0 %
  Global Horizontal Routing Utilization  = 0 %
  Routable Net Status*
  *Does not include unroutable nets such as driverless and loadless.
  Run report_route_status for detailed report.
  Number of Failed Nets               = 3091
    (Failed Nets is the sum of unrouted and partially routed nets)
  Number of Unrouted Nets             = 3091
  Number of Partially Routed Nets     = 0
  Number of Node Overlaps             = 0

Phase 2 Router Initialization | Checksum: 1da3a556d

Time (s): cpu = 00:00:23 ; elapsed = 00:00:20 . Memory (MB): peak = 2394.004 ; gain = 159.691

Phase 3 Global Routing
Phase 3 Global Routing | Checksum: 1da3a556d

Time (s): cpu = 00:00:23 ; elapsed = 00:00:20 . Memory (MB): peak = 2394.004 ; gain = 159.691

Phase 4 Initial Routing

Phase 4.1 Initial Net Routing Pass
Phase 4.1 Initial Net Routing Pass | Checksum: 2047e36c0

Time (s): cpu = 00:00:23 ; elapsed = 00:00:21 . Memory (MB): peak = 2394.004 ; gain = 159.691
Phase 4 Initial Routing | Checksum: 2047e36c0

Time (s): cpu = 00:00:23 ; elapsed = 00:00:21 . Memory (MB): peak = 2394.004 ; gain = 159.691

Phase 5 Rip-up And Reroute

Phase 5.1 Global Iteration 0
 Number of Nodes with overlaps = 220
 Number of Nodes with overlaps = 19
 Number of Nodes with overlaps = 2
 Number of Nodes with overlaps = 1
 Number of Nodes with overlaps = 0
INFO: [Route 35-416] Intermediate Timing Summary | WNS=1.989  | TNS=0.000  | WHS=N/A    | THS=N/A    |

Phase 5.1 Global Iteration 0 | Checksum: 2aff51ca3

Time (s): cpu = 00:00:23 ; elapsed = 00:00:21 . Memory (MB): peak = 2394.004 ; gain = 159.691

Phase 5.2 Global Iteration 1
 Number of Nodes with overlaps = 3
 Number of Nodes with overlaps = 0
INFO: [Route 35-416] Intermediate Timing Summary | WNS=1.989  | TNS=0.000  | WHS=N/A    | THS=N/A    |

Phase 5.2 Global Iteration 1 | Checksum: 2c054d8c1

Time (s): cpu = 00:00:23 ; elapsed = 00:00:21 . Memory (MB): peak = 2394.004 ; gain = 159.691
Phase 5 Rip-up And Reroute | Checksum: 2c054d8c1

Time (s): cpu = 00:00:23 ; elapsed = 00:00:21 . Memory (MB): peak = 2394.004 ; gain = 159.691

Phase 6 Delay and Skew Optimization

Phase 6.1 Delay CleanUp

Phase 6.1.1 Update Timing
Phase 6.1.1 Update Timing | Checksum: 278463877

Time (s): cpu = 00:00:23 ; elapsed = 00:00:22 . Memory (MB): peak = 2394.004 ; gain = 159.691
INFO: [Route 35-416] Intermediate Timing Summary | WNS=2.104  | TNS=0.000  | WHS=N/A    | THS=N/A    |

Phase 6.1 Delay CleanUp | Checksum: 23d445bee

Time (s): cpu = 00:00:23 ; elapsed = 00:00:22 . Memory (MB): peak = 2394.004 ; gain = 159.691

Phase 6.2 Clock Skew Optimization
Phase 6.2 Clock Skew Optimization | Checksum: 23d445bee

Time (s): cpu = 00:00:23 ; elapsed = 00:00:22 . Memory (MB): peak = 2394.004 ; gain = 159.691
Phase 6 Delay and Skew Optimization | Checksum: 23d445bee

Time (s): cpu = 00:00:23 ; elapsed = 00:00:22 . Memory (MB): peak = 2394.004 ; gain = 159.691

Phase 7 Post Hold Fix

Phase 7.1 Hold Fix Iter
INFO: [Route 35-416] Intermediate Timing Summary | WNS=2.104  | TNS=0.000  | WHS=0.100  | THS=0.000  |

Phase 7.1 Hold Fix Iter | Checksum: 2ddb79eff

Time (s): cpu = 00:00:24 ; elapsed = 00:00:22 . Memory (MB): peak = 2394.004 ; gain = 159.691
Phase 7 Post Hold Fix | Checksum: 2ddb79eff

Time (s): cpu = 00:00:24 ; elapsed = 00:00:22 . Memory (MB): peak = 2394.004 ; gain = 159.691

Phase 8 Route finalize

Router Utilization Summary
  Global Vertical Routing Utilization    = 0.4169 %
  Global Horizontal Routing Utilization  = 0.526454 %
  Routable Net Status*
  *Does not include unroutable nets such as driverless and loadless.
  Run report_route_status for detailed report.
  Number of Failed Nets               = 0
    (Failed Nets is the sum of unrouted and partially routed nets)
  Number of Unrouted Nets             = 0
  Number of Partially Routed Nets     = 0
  Number of Node Overlaps             = 0

Phase 8 Route finalize | Checksum: 2ddb79eff

Time (s): cpu = 00:00:24 ; elapsed = 00:00:22 . Memory (MB): peak = 2394.004 ; gain = 159.691

Phase 9 Verifying routed nets

 Verification completed successfully
Phase 9 Verifying routed nets | Checksum: 2ddb79eff

Time (s): cpu = 00:00:24 ; elapsed = 00:00:22 . Memory (MB): peak = 2394.004 ; gain = 159.691

Phase 10 Depositing Routes
Phase 10 Depositing Routes | Checksum: 298f42147

Time (s): cpu = 00:00:24 ; elapsed = 00:00:22 . Memory (MB): peak = 2394.004 ; gain = 159.691

Phase 11 Post Process Routing
Phase 11 Post Process Routing | Checksum: 298f42147

Time (s): cpu = 00:00:24 ; elapsed = 00:00:22 . Memory (MB): peak = 2394.004 ; gain = 159.691

Phase 12 Post Router Timing
INFO: [Route 35-57] Estimated Timing Summary | WNS=2.104  | TNS=0.000  | WHS=0.100  | THS=0.000  |

INFO: [Route 35-327] The final timing numbers are based on the router estimated timing analysis. For a complete and accurate timing signoff, please run report_timing_summary.
Phase 12 Post Router Timing | Checksum: 298f42147

Time (s): cpu = 00:00:24 ; elapsed = 00:00:22 . Memory (MB): peak = 2394.004 ; gain = 159.691
Total Elapsed time in route_design: 21.877 secs

Phase 13 Post-Route Event Processing
Phase 13 Post-Route Event Processing | Checksum: 17396ab8c

Time (s): cpu = 00:00:24 ; elapsed = 00:00:22 . Memory (MB): peak = 2394.004 ; gain = 159.691
INFO: [Route 35-16] Router Completed Successfully
Ending Routing Task | Checksum: 17396ab8c

Time (s): cpu = 00:00:24 ; elapsed = 00:00:22 . Memory (MB): peak = 2394.004 ; gain = 159.691

Routing Is Done.
INFO: [Common 17-83] Releasing license: Implementation
112 Infos, 0 Warnings, 0 Critical Warnings and 0 Errors encountered.
route_design completed successfully
route_design: Time (s): cpu = 00:00:25 ; elapsed = 00:00:23 . Memory (MB): peak = 2394.004 ; gain = 159.691
INFO: [Vivado 12-24828] Executing command : report_drc -file top_drc_routed.rpt -pb top_drc_routed.pb -rpx top_drc_routed.rpx
Command: report_drc -file top_drc_routed.rpt -pb top_drc_routed.pb -rpx top_drc_routed.rpx
INFO: [IP_Flow 19-1839] IP Catalog is up to date.
INFO: [DRC 23-27] Running DRC with 2 threads
INFO: [Vivado_Tcl 2-168] The results of DRC are in file C:/Users/Aditya Sharma/Documents/Verilog/microprocessor/microprocessor.runs/impl_1/top_drc_routed.rpt.
report_drc completed successfully
INFO: [Vivado 12-24828] Executing command : report_methodology -file top_methodology_drc_routed.rpt -pb top_methodology_drc_routed.pb -rpx top_methodology_drc_routed.rpx
Command: report_methodology -file top_methodology_drc_routed.rpt -pb top_methodology_drc_routed.pb -rpx top_methodology_drc_routed.rpx
INFO: [Timing 38-35] Done setting XDC timing constraints.
INFO: [DRC 23-133] Running Methodology with 2 threads
INFO: [Vivado_Tcl 2-1520] The results of Report Methodology are in file C:/Users/Aditya Sharma/Documents/Verilog/microprocessor/microprocessor.runs/impl_1/top_methodology_drc_routed.rpt.
report_methodology completed successfully
INFO: [Vivado 12-24828] Executing command : report_timing_summary -max_paths 10 -report_unconstrained -file top_timing_summary_routed.rpt -pb top_timing_summary_routed.pb -rpx top_timing_summary_routed.rpx -warn_on_violation 
INFO: [Timing 38-35] Done setting XDC timing constraints.
INFO: [Timing 38-91] UpdateTimingParams: Speed grade: -1, Delay Type: min_max.
INFO: [Timing 38-191] Multithreading enabled for timing update using a maximum of 2 CPUs
WARNING: [Timing 38-436] There are set_bus_skew constraint(s) in this design. Please run report_bus_skew to ensure that bus skew requirements are met.
INFO: [Vivado 12-24838] Running report commands "report_incremental_reuse, report_route_status" in parallel.
Running report generation with 2 threads.
INFO: [Vivado 12-24828] Executing command : report_incremental_reuse -file top_incremental_reuse_routed.rpt
INFO: [Vivado_Tcl 4-1062] Incremental flow is disabled. No incremental reuse Info to report.
INFO: [Vivado 12-24828] Executing command : report_route_status -file top_route_status.rpt -pb top_route_status.pb
INFO: [Vivado 12-24828] Executing command : report_power -file top_power_routed.rpt -pb top_power_summary_routed.pb -rpx top_power_routed.rpx
Command: report_power -file top_power_routed.rpt -pb top_power_summary_routed.pb -rpx top_power_routed.rpx
Running Vector-less Activity Propagation...

Finished Running Vector-less Activity Propagation
129 Infos, 1 Warnings, 0 Critical Warnings and 0 Errors encountered.
report_power completed successfully
INFO: [Vivado 12-24828] Executing command : report_clock_utilization -file top_clock_utilization_routed.rpt
WARNING: [Device 21-9320] Failed to find the Oracle tile group with name 'HSR_BOUNDARY_TOP'. This is required for Clock regions and Virtual grid.
WARNING: [Device 21-2174] Failed to initialize Virtual grid.
INFO: [Vivado 12-24828] Executing command : report_bus_skew -warn_on_violation -file top_bus_skew_routed.rpt -pb top_bus_skew_routed.pb -rpx top_bus_skew_routed.rpx
INFO: [Timing 38-91] UpdateTimingParams: Speed grade: -1, Delay Type: min_max.
INFO: [Timing 38-191] Multithreading enabled for timing update using a maximum of 2 CPUs
INFO: [Timing 38-480] Writing timing data to binary archive.
Write ShapeDB Complete: Time (s): cpu = 00:00:00 ; elapsed = 00:00:00.008 . Memory (MB): peak = 2394.004 ; gain = 0.000
Wrote PlaceDB: Time (s): cpu = 00:00:01 ; elapsed = 00:00:00.188 . Memory (MB): peak = 2394.004 ; gain = 0.000
Wrote PulsedLatchDB: Time (s): cpu = 00:00:00 ; elapsed = 00:00:00 . Memory (MB): peak = 2394.004 ; gain = 0.000
Writing XDEF routing.
Writing XDEF routing logical nets.
Writing XDEF routing special nets.
Wrote RouteStorage: Time (s): cpu = 00:00:00 ; elapsed = 00:00:00.055 . Memory (MB): peak = 2394.004 ; gain = 0.000
Wrote Netlist Cache: Time (s): cpu = 00:00:00 ; elapsed = 00:00:00.004 . Memory (MB): peak = 2394.004 ; gain = 0.000
Wrote Device Cache: Time (s): cpu = 00:00:00 ; elapsed = 00:00:00.009 . Memory (MB): peak = 2394.004 ; gain = 0.000
Write Physdb Complete: Time (s): cpu = 00:00:01 ; elapsed = 00:00:00.265 . Memory (MB): peak = 2394.004 ; gain = 0.000
INFO: [Common 17-1381] The checkpoint 'C:/Users/Aditya Sharma/Documents/Verilog/microprocessor/microprocessor.runs/impl_1/top_routed.dcp' has been generated.
INFO: [Common 17-206] Exiting Vivado at Sat Dec 14 21:11:58 2024...
