INFO: [VRFC 10-2263] Analyzing Verilog file "C:/Users/Aditya Sharma/Documents/Verilog/microprocessor/microprocessor.sim/sim_1/impl/func/xsim/tb_func_impl.v" into library xil_defaultlib
INFO: [VRFC 10-311] analyzing module dbg_hub
INFO: [VRFC 10-311] analyzing module dbg_hub_clk_x_pntrs
INFO: [VRFC 10-311] analyzing module dbg_hub_clk_x_pntrs_8
INFO: [VRFC 10-311] analyzing module dbg_hub_dmem
INFO: [VRFC 10-311] analyzing module dbg_hub_dmem_14
INFO: [VRFC 10-311] analyzing module dbg_hub_fifo_generator_ramfifo
INFO: [VRFC 10-311] analyzing module dbg_hub_fifo_generator_ramfifo__parameterized0
INFO: [VRFC 10-311] analyzing module dbg_hub_fifo_generator_top
INFO: [VRFC 10-311] analyzing module dbg_hub_fifo_generator_top__parameterized0
INFO: [VRFC 10-311] analyzing module dbg_hub_fifo_generator_v13_1_5
INFO: [VRFC 10-311] analyzing module dbg_hub_fifo_generator_v13_1_5__parameterized0
INFO: [VRFC 10-311] analyzing module dbg_hub_fifo_generator_v13_1_5_synth
INFO: [VRFC 10-311] analyzing module dbg_hub_fifo_generator_v13_1_5_synth__parameterized0
INFO: [VRFC 10-311] analyzing module dbg_hub_ltlib_v1_0_2_bscan
INFO: [VRFC 10-311] analyzing module dbg_hub_ltlib_v1_0_2_generic_mux
INFO: [VRFC 10-311] analyzing module dbg_hub_memory
INFO: [VRFC 10-311] analyzing module dbg_hub_memory__parameterized0
INFO: [VRFC 10-311] analyzing module dbg_hub_rd_bin_cntr
INFO: [VRFC 10-311] analyzing module dbg_hub_rd_bin_cntr_19
INFO: [VRFC 10-311] analyzing module dbg_hub_rd_fwft
INFO: [VRFC 10-311] analyzing module dbg_hub_rd_handshaking_flags
INFO: [VRFC 10-311] analyzing module dbg_hub_rd_handshaking_flags__parameterized0
INFO: [VRFC 10-311] analyzing module dbg_hub_rd_logic
INFO: [VRFC 10-311] analyzing module dbg_hub_rd_logic__parameterized0
INFO: [VRFC 10-311] analyzing module dbg_hub_rd_status_flags_as
INFO: [VRFC 10-311] analyzing module dbg_hub_rd_status_flags_as_18
INFO: [VRFC 10-311] analyzing module dbg_hub_reset_blk_ramfifo
INFO: [VRFC 10-311] analyzing module dbg_hub_reset_blk_ramfifo_9
INFO: [VRFC 10-311] analyzing module dbg_hub_synchronizer_ff
INFO: [VRFC 10-311] analyzing module dbg_hub_synchronizer_ff_10
INFO: [VRFC 10-311] analyzing module dbg_hub_synchronizer_ff_11
INFO: [VRFC 10-311] analyzing module dbg_hub_synchronizer_ff_12
INFO: [VRFC 10-311] analyzing module dbg_hub_synchronizer_ff_13
INFO: [VRFC 10-311] analyzing module dbg_hub_synchronizer_ff_2
INFO: [VRFC 10-311] analyzing module dbg_hub_synchronizer_ff_3
INFO: [VRFC 10-311] analyzing module dbg_hub_synchronizer_ff_4
INFO: [VRFC 10-311] analyzing module dbg_hub_synchronizer_ff__parameterized0
INFO: [VRFC 10-311] analyzing module dbg_hub_synchronizer_ff__parameterized0_20
INFO: [VRFC 10-311] analyzing module dbg_hub_synchronizer_ff__parameterized0_21
INFO: [VRFC 10-311] analyzing module dbg_hub_synchronizer_ff__parameterized0_22
INFO: [VRFC 10-311] analyzing module dbg_hub_synchronizer_ff__parameterized0_23
INFO: [VRFC 10-311] analyzing module dbg_hub_synchronizer_ff__parameterized0_5
INFO: [VRFC 10-311] analyzing module dbg_hub_synchronizer_ff__parameterized0_6
INFO: [VRFC 10-311] analyzing module dbg_hub_synchronizer_ff__parameterized0_7
INFO: [VRFC 10-311] analyzing module dbg_hub_wr_bin_cntr
INFO: [VRFC 10-311] analyzing module dbg_hub_wr_bin_cntr_17
INFO: [VRFC 10-311] analyzing module dbg_hub_wr_handshaking_flags
INFO: [VRFC 10-311] analyzing module dbg_hub_wr_handshaking_flags_16
INFO: [VRFC 10-311] analyzing module dbg_hub_wr_logic
INFO: [VRFC 10-311] analyzing module dbg_hub_wr_logic__parameterized0
INFO: [VRFC 10-311] analyzing module dbg_hub_wr_status_flags_as
INFO: [VRFC 10-311] analyzing module dbg_hub_wr_status_flags_as_15
INFO: [VRFC 10-311] analyzing module dbg_hub_xsdbm_v3_0_2_addr_ctl
INFO: [VRFC 10-311] analyzing module dbg_hub_xsdbm_v3_0_2_bscan_switch
INFO: [VRFC 10-311] analyzing module dbg_hub_xsdbm_v3_0_2_burst_wdlen_ctl
INFO: [VRFC 10-311] analyzing module dbg_hub_xsdbm_v3_0_2_bus_ctl
INFO: [VRFC 10-311] analyzing module dbg_hub_xsdbm_v3_0_2_bus_ctl_cnt
INFO: [VRFC 10-311] analyzing module dbg_hub_xsdbm_v3_0_2_bus_ctl_flg
INFO: [VRFC 10-311] analyzing module dbg_hub_xsdbm_v3_0_2_bus_ctl_flg__parameterized0
INFO: [VRFC 10-311] analyzing module dbg_hub_xsdbm_v3_0_2_bus_mstr2sl_if
INFO: [VRFC 10-311] analyzing module dbg_hub_xsdbm_v3_0_2_cmd_decode
INFO: [VRFC 10-311] analyzing module dbg_hub_xsdbm_v3_0_2_ctl_reg
INFO: [VRFC 10-311] analyzing module dbg_hub_xsdbm_v3_0_2_ctl_reg_1
INFO: [VRFC 10-311] analyzing module dbg_hub_xsdbm_v3_0_2_ctl_reg__parameterized0
INFO: [VRFC 10-311] analyzing module dbg_hub_xsdbm_v3_0_2_ctl_reg__parameterized1
INFO: [VRFC 10-311] analyzing module dbg_hub_xsdbm_v3_0_2_icon
INFO: [VRFC 10-311] analyzing module dbg_hub_xsdbm_v3_0_2_icon2xsdb
INFO: [VRFC 10-311] analyzing module dbg_hub_xsdbm_v3_0_2_if
INFO: [VRFC 10-311] analyzing module dbg_hub_xsdbm_v3_0_2_if_static_status
INFO: [VRFC 10-311] analyzing module dbg_hub_xsdbm_v3_0_2_rdfifo
INFO: [VRFC 10-311] analyzing module dbg_hub_xsdbm_v3_0_2_rdreg
INFO: [VRFC 10-311] analyzing module dbg_hub_xsdbm_v3_0_2_stat
INFO: [VRFC 10-311] analyzing module dbg_hub_xsdbm_v3_0_2_stat_reg
INFO: [VRFC 10-311] analyzing module dbg_hub_xsdbm_v3_0_2_stat_reg_0
INFO: [VRFC 10-311] analyzing module dbg_hub_xsdbm_v3_0_2_stat_reg__parameterized0
INFO: [VRFC 10-311] analyzing module dbg_hub_xsdbm_v3_0_2_sync
INFO: [VRFC 10-311] analyzing module dbg_hub_xsdbm_v3_0_2_wrfifo
INFO: [VRFC 10-311] analyzing module dbg_hub_xsdbm_v3_0_2_wrreg
INFO: [VRFC 10-311] analyzing module dbg_hub_xsdbm_v3_0_2_xsdbm
INFO: [VRFC 10-311] analyzing module dbg_hub_xsdbm_v3_0_2_xsdbm_id
INFO: [VRFC 10-311] analyzing module blk_mem_gen_0
INFO: [VRFC 10-311] analyzing module ila_0
INFO: [VRFC 10-311] analyzing module top
INFO: [VRFC 10-311] analyzing module vio_0
INFO: [VRFC 10-311] analyzing module ila_0_ila_v6_2_15_ila
INFO: [VRFC 10-311] analyzing module ila_0_ila_v6_2_15_ila_cap_addrgen
INFO: [VRFC 10-311] analyzing module ila_0_ila_v6_2_15_ila_cap_ctrl_legacy
INFO: [VRFC 10-311] analyzing module ila_0_ila_v6_2_15_ila_cap_sample_counter
INFO: [VRFC 10-311] analyzing module ila_0_ila_v6_2_15_ila_cap_window_counter
INFO: [VRFC 10-311] analyzing module ila_0_ila_v6_2_15_ila_core
INFO: [VRFC 10-311] analyzing module ila_0_ila_v6_2_15_ila_register
INFO: [VRFC 10-311] analyzing module ila_0_ila_v6_2_15_ila_reset_ctrl
INFO: [VRFC 10-311] analyzing module ila_0_ila_v6_2_15_ila_trace_memory
INFO: [VRFC 10-311] analyzing module ila_0_ila_v6_2_15_ila_trig_match
INFO: [VRFC 10-311] analyzing module ila_0_ila_v6_2_15_ila_trigger
INFO: [VRFC 10-311] analyzing module vio_0_vio_v3_0_25_decoder
INFO: [VRFC 10-311] analyzing module vio_0_vio_v3_0_25_probe_in_one
INFO: [VRFC 10-311] analyzing module vio_0_vio_v3_0_25_probe_out_all
INFO: [VRFC 10-311] analyzing module vio_0_vio_v3_0_25_probe_out_one
INFO: [VRFC 10-311] analyzing module vio_0_vio_v3_0_25_vio
INFO: [VRFC 10-311] analyzing module ila_0_ltlib_v1_0_2_all_typeA
INFO: [VRFC 10-311] analyzing module ila_0_ltlib_v1_0_2_all_typeA_1
INFO: [VRFC 10-311] analyzing module ila_0_ltlib_v1_0_2_all_typeA_3
INFO: [VRFC 10-311] analyzing module ila_0_ltlib_v1_0_2_all_typeA_5
INFO: [VRFC 10-311] analyzing module ila_0_ltlib_v1_0_2_all_typeA__parameterized0
INFO: [VRFC 10-311] analyzing module ila_0_ltlib_v1_0_2_all_typeA__parameterized0_27
INFO: [VRFC 10-311] analyzing module ila_0_ltlib_v1_0_2_all_typeA__parameterized0_31
INFO: [VRFC 10-311] analyzing module ila_0_ltlib_v1_0_2_all_typeA_slice
INFO: [VRFC 10-311] analyzing module ila_0_ltlib_v1_0_2_all_typeA_slice_2
INFO: [VRFC 10-311] analyzing module ila_0_ltlib_v1_0_2_all_typeA_slice_4
INFO: [VRFC 10-311] analyzing module ila_0_ltlib_v1_0_2_all_typeA_slice_6
INFO: [VRFC 10-311] analyzing module ila_0_ltlib_v1_0_2_all_typeA_slice__parameterized0
INFO: [VRFC 10-311] analyzing module ila_0_ltlib_v1_0_2_all_typeA_slice__parameterized0_25
INFO: [VRFC 10-311] analyzing module ila_0_ltlib_v1_0_2_all_typeA_slice__parameterized0_28
INFO: [VRFC 10-311] analyzing module ila_0_ltlib_v1_0_2_all_typeA_slice__parameterized0_29
INFO: [VRFC 10-311] analyzing module ila_0_ltlib_v1_0_2_all_typeA_slice__parameterized0_32
INFO: [VRFC 10-311] analyzing module ila_0_ltlib_v1_0_2_all_typeA_slice__parameterized0_33
INFO: [VRFC 10-311] analyzing module ila_0_ltlib_v1_0_2_allx_typeA
INFO: [VRFC 10-311] analyzing module ila_0_ltlib_v1_0_2_allx_typeA__parameterized0
INFO: [VRFC 10-311] analyzing module ila_0_ltlib_v1_0_2_allx_typeA__parameterized1
INFO: [VRFC 10-311] analyzing module ila_0_ltlib_v1_0_2_allx_typeA__parameterized1_0
INFO: [VRFC 10-311] analyzing module ila_0_ltlib_v1_0_2_allx_typeA_nodelay
INFO: [VRFC 10-311] analyzing module ila_0_ltlib_v1_0_2_allx_typeA_nodelay_26
INFO: [VRFC 10-311] analyzing module ila_0_ltlib_v1_0_2_allx_typeA_nodelay_30
INFO: [VRFC 10-311] analyzing module ila_0_ltlib_v1_0_2_async_edge_xfer
INFO: [VRFC 10-311] analyzing module ila_0_ltlib_v1_0_2_async_edge_xfer__1
INFO: [VRFC 10-311] analyzing module ila_0_ltlib_v1_0_2_async_edge_xfer__2
INFO: [VRFC 10-311] analyzing module ila_0_ltlib_v1_0_2_async_edge_xfer__3
INFO: [VRFC 10-311] analyzing module ila_0_ltlib_v1_0_2_cfglut4
INFO: [VRFC 10-311] analyzing module ila_0_ltlib_v1_0_2_cfglut4__1
INFO: [VRFC 10-311] analyzing module ila_0_ltlib_v1_0_2_cfglut5
INFO: [VRFC 10-311] analyzing module ila_0_ltlib_v1_0_2_cfglut5__1
INFO: [VRFC 10-311] analyzing module ila_0_ltlib_v1_0_2_cfglut5__2
INFO: [VRFC 10-311] analyzing module ila_0_ltlib_v1_0_2_cfglut6
INFO: [VRFC 10-311] analyzing module ila_0_ltlib_v1_0_2_cfglut6__1
INFO: [VRFC 10-311] analyzing module ila_0_ltlib_v1_0_2_cfglut6__parameterized0
INFO: [VRFC 10-311] analyzing module ila_0_ltlib_v1_0_2_cfglut7
INFO: [VRFC 10-311] analyzing module ila_0_ltlib_v1_0_2_cfglut7__1
INFO: [VRFC 10-311] analyzing module ila_0_ltlib_v1_0_2_generic_memrd
INFO: [VRFC 10-311] analyzing module ila_0_ltlib_v1_0_2_match
INFO: [VRFC 10-311] analyzing module ila_0_ltlib_v1_0_2_match__parameterized0
INFO: [VRFC 10-311] analyzing module ila_0_ltlib_v1_0_2_match__parameterized1
INFO: [VRFC 10-311] analyzing module ila_0_ltlib_v1_0_2_match__parameterized1__1
INFO: [VRFC 10-311] analyzing module ila_0_ltlib_v1_0_2_match_nodelay
INFO: [VRFC 10-311] analyzing module ila_0_ltlib_v1_0_2_match_nodelay__1
INFO: [VRFC 10-311] analyzing module ila_0_ltlib_v1_0_2_match_nodelay__2
INFO: [VRFC 10-311] analyzing module ila_0_ltlib_v1_0_2_rising_edge_detection
INFO: [VRFC 10-311] analyzing module ila_0_ltlib_v1_0_2_rising_edge_detection__1
INFO: [VRFC 10-311] analyzing module ila_0_xsdbs_v1_0_4_reg__parameterized15
INFO: [VRFC 10-311] analyzing module ila_0_xsdbs_v1_0_4_reg__parameterized16
INFO: [VRFC 10-311] analyzing module ila_0_xsdbs_v1_0_4_reg__parameterized17
INFO: [VRFC 10-311] analyzing module ila_0_xsdbs_v1_0_4_reg__parameterized18
INFO: [VRFC 10-311] analyzing module ila_0_xsdbs_v1_0_4_reg__parameterized30
INFO: [VRFC 10-311] analyzing module ila_0_xsdbs_v1_0_4_reg__parameterized31
INFO: [VRFC 10-311] analyzing module ila_0_xsdbs_v1_0_4_reg__parameterized32
INFO: [VRFC 10-311] analyzing module ila_0_xsdbs_v1_0_4_reg__parameterized33
INFO: [VRFC 10-311] analyzing module ila_0_xsdbs_v1_0_4_reg__parameterized34
INFO: [VRFC 10-311] analyzing module ila_0_xsdbs_v1_0_4_reg__parameterized35
INFO: [VRFC 10-311] analyzing module ila_0_xsdbs_v1_0_4_reg__parameterized36
INFO: [VRFC 10-311] analyzing module ila_0_xsdbs_v1_0_4_reg__parameterized37
INFO: [VRFC 10-311] analyzing module ila_0_xsdbs_v1_0_4_reg__parameterized38
INFO: [VRFC 10-311] analyzing module ila_0_xsdbs_v1_0_4_reg__parameterized39
INFO: [VRFC 10-311] analyzing module ila_0_xsdbs_v1_0_4_reg__parameterized40
INFO: [VRFC 10-311] analyzing module ila_0_xsdbs_v1_0_4_reg__parameterized41
INFO: [VRFC 10-311] analyzing module ila_0_xsdbs_v1_0_4_reg__parameterized43
INFO: [VRFC 10-311] analyzing module ila_0_xsdbs_v1_0_4_reg__parameterized45
INFO: [VRFC 10-311] analyzing module ila_0_xsdbs_v1_0_4_reg__parameterized48
INFO: [VRFC 10-311] analyzing module ila_0_xsdbs_v1_0_4_reg_ctl
INFO: [VRFC 10-311] analyzing module ila_0_xsdbs_v1_0_4_reg_ctl_10
INFO: [VRFC 10-311] analyzing module ila_0_xsdbs_v1_0_4_reg_ctl_11
INFO: [VRFC 10-311] analyzing module ila_0_xsdbs_v1_0_4_reg_ctl_12
INFO: [VRFC 10-311] analyzing module ila_0_xsdbs_v1_0_4_reg_ctl_13
INFO: [VRFC 10-311] analyzing module ila_0_xsdbs_v1_0_4_reg_ctl_16
INFO: [VRFC 10-311] analyzing module ila_0_xsdbs_v1_0_4_reg_ctl_17
INFO: [VRFC 10-311] analyzing module ila_0_xsdbs_v1_0_4_reg_ctl_18
INFO: [VRFC 10-311] analyzing module ila_0_xsdbs_v1_0_4_reg_ctl_19
INFO: [VRFC 10-311] analyzing module ila_0_xsdbs_v1_0_4_reg_ctl_20
INFO: [VRFC 10-311] analyzing module ila_0_xsdbs_v1_0_4_reg_ctl_23
INFO: [VRFC 10-311] analyzing module ila_0_xsdbs_v1_0_4_reg_ctl_24
INFO: [VRFC 10-311] analyzing module ila_0_xsdbs_v1_0_4_reg_ctl__parameterized1
INFO: [VRFC 10-311] analyzing module ila_0_xsdbs_v1_0_4_reg_ctl__parameterized1_14
INFO: [VRFC 10-311] analyzing module ila_0_xsdbs_v1_0_4_reg_ctl__parameterized1_15
INFO: [VRFC 10-311] analyzing module ila_0_xsdbs_v1_0_4_reg_p2s
INFO: [VRFC 10-311] analyzing module ila_0_xsdbs_v1_0_4_reg_p2s__parameterized0
INFO: [VRFC 10-311] analyzing module ila_0_xsdbs_v1_0_4_reg_p2s__parameterized1
INFO: [VRFC 10-311] analyzing module ila_0_xsdbs_v1_0_4_reg_p2s__parameterized2
INFO: [VRFC 10-311] analyzing module ila_0_xsdbs_v1_0_4_reg_p2s__parameterized3
INFO: [VRFC 10-311] analyzing module ila_0_xsdbs_v1_0_4_reg_stat
INFO: [VRFC 10-311] analyzing module ila_0_xsdbs_v1_0_4_reg_stat_21
INFO: [VRFC 10-311] analyzing module ila_0_xsdbs_v1_0_4_reg_stat_22
INFO: [VRFC 10-311] analyzing module ila_0_xsdbs_v1_0_4_reg_stat_7
INFO: [VRFC 10-311] analyzing module ila_0_xsdbs_v1_0_4_reg_stat_8
INFO: [VRFC 10-311] analyzing module ila_0_xsdbs_v1_0_4_reg_stat_9
INFO: [VRFC 10-311] analyzing module ila_0_xsdbs_v1_0_4_reg_stream
INFO: [VRFC 10-311] analyzing module ila_0_xsdbs_v1_0_4_reg_stream__parameterized0
INFO: [VRFC 10-311] analyzing module ila_0_xsdbs_v1_0_4_xsdbs
INFO: [VRFC 10-311] analyzing module vio_0_xsdbs_v1_0_4_xsdbs
INFO: [VRFC 10-311] analyzing module blk_mem_gen_0_blk_mem_gen_generic_cstr
INFO: [VRFC 10-311] analyzing module blk_mem_gen_0_blk_mem_gen_prim_width
INFO: [VRFC 10-311] analyzing module blk_mem_gen_0_blk_mem_gen_prim_wrapper_init
INFO: [VRFC 10-311] analyzing module blk_mem_gen_0_blk_mem_gen_top
INFO: [VRFC 10-311] analyzing module blk_mem_gen_0_blk_mem_gen_v8_4_8
INFO: [VRFC 10-311] analyzing module blk_mem_gen_0_blk_mem_gen_v8_4_8_synth
INFO: [VRFC 10-311] analyzing module ila_0_blk_mem_gen_v8_4_8
INFO: [VRFC 10-311] analyzing module ila_0_blk_mem_gen_v8_4_8_blk_mem_gen_generic_cstr
INFO: [VRFC 10-311] analyzing module ila_0_blk_mem_gen_v8_4_8_blk_mem_gen_prim_width
INFO: [VRFC 10-311] analyzing module ila_0_blk_mem_gen_v8_4_8_blk_mem_gen_prim_wrapper
INFO: [VRFC 10-311] analyzing module ila_0_blk_mem_gen_v8_4_8_blk_mem_gen_top
INFO: [VRFC 10-311] analyzing module ila_0_blk_mem_gen_v8_4_8_synth
INFO: [VRFC 10-311] analyzing module glbl
INFO: [VRFC 10-2263] Analyzing Verilog file "C:/Users/Aditya Sharma/Documents/Verilog/microprocessor/microprocessor.srcs/sources_1/new/top.v" into library xil_defaultlib
INFO: [VRFC 10-311] analyzing module top
WARNING: [VRFC 10-3609] overwriting previous definition of module 'top' [C:/Users/Aditya Sharma/Documents/Verilog/microprocessor/microprocessor.srcs/sources_1/new/top.v:46]
INFO: [VRFC 10-2263] Analyzing Verilog file "C:/Users/Aditya Sharma/Documents/Verilog/microprocessor/microprocessor.srcs/sim_1/new/tb_top.v" into library xil_defaultlib
INFO: [VRFC 10-311] analyzing module tb
